2017-05-08 08:48:07,955 - Log4JLogChute initialized using file 'velocity.log'
2017-05-08 08:48:07,955 - Initializing Velocity, Calling init()...
2017-05-08 08:48:07,955 - Starting Apache Velocity v1.7 (compiled: 2010-11-19 12:14:37)
2017-05-08 08:48:07,955 - Default Properties File: org\apache\velocity\runtime\defaults\velocity.properties
2017-05-08 08:48:07,955 - Trying to use logger class org.apache.velocity.runtime.log.AvalonLogChute
2017-05-08 08:48:07,955 - Target log system for org.apache.velocity.runtime.log.AvalonLogChute is not available (java.lang.NoClassDefFoundError: org/apache/log/format/Formatter).  Falling back to next log system...
2017-05-08 08:48:07,955 - Trying to use logger class org.apache.velocity.runtime.log.Log4JLogChute
2017-05-08 08:48:07,975 - Using logger class org.apache.velocity.runtime.log.Log4JLogChute
2017-05-08 08:48:07,978 - ResourceLoader instantiated: org.apache.velocity.runtime.resource.loader.ClasspathResourceLoader
2017-05-08 08:48:07,985 - ResourceCache: initialized (class org.apache.velocity.runtime.resource.ResourceCacheImpl) with class java.util.Collections$SynchronizedMap cache map.
2017-05-08 08:48:07,986 - Loaded System Directive: org.apache.velocity.runtime.directive.Stop
2017-05-08 08:48:07,987 - Loaded System Directive: org.apache.velocity.runtime.directive.Define
2017-05-08 08:48:07,987 - Loaded System Directive: org.apache.velocity.runtime.directive.Break
2017-05-08 08:48:07,987 - Loaded System Directive: org.apache.velocity.runtime.directive.Evaluate
2017-05-08 08:48:07,988 - Loaded System Directive: org.apache.velocity.runtime.directive.Literal
2017-05-08 08:48:07,988 - Loaded System Directive: org.apache.velocity.runtime.directive.Macro
2017-05-08 08:48:07,989 - Loaded System Directive: org.apache.velocity.runtime.directive.Parse
2017-05-08 08:48:07,990 - Loaded System Directive: org.apache.velocity.runtime.directive.Include
2017-05-08 08:48:07,992 - Loaded System Directive: org.apache.velocity.runtime.directive.Foreach
2017-05-08 08:48:08,014 - Created '20' parsers.
2017-05-08 08:48:08,019 - Velocimacro : "velocimacro.library" is not set.  Trying default library: VM_global_library.vm
2017-05-08 08:48:08,019 - Could not load resource 'VM_global_library.vm' from ResourceLoader org.apache.velocity.runtime.resource.loader.ClasspathResourceLoader: ClasspathResourceLoader Error: cannot find resource VM_global_library.vm
2017-05-08 08:48:08,019 - Velocimacro : Default library not found.
2017-05-08 08:48:08,019 - Velocimacro : allowInline = true : VMs can be defined inline in templates
2017-05-08 08:48:08,019 - Velocimacro : allowInlineToOverride = false : VMs defined inline may NOT replace previous VM definitions
2017-05-08 08:48:08,019 - Velocimacro : allowInlineLocal = false : VMs defined inline will be global in scope if allowed.
2017-05-08 08:48:08,019 - Velocimacro : autoload off : VM system will not automatically reload global library macros
2017-05-08 08:48:08,020 - ResourceManager : unable to find resource 'templates/newEmployee.vtl' in any resource loader.
2017-05-08 08:49:20,687 - ResourceManager : unable to find resource 'templates/newEmployee.vtl' in any resource loader.
2017-05-08 08:49:22,320 - ResourceManager : unable to find resource 'templates/newEmployee.vtl' in any resource loader.
2017-05-08 08:49:22,759 - ResourceManager : unable to find resource 'templates/newEmployee.vtl' in any resource loader.
2017-05-08 08:49:22,911 - ResourceManager : unable to find resource 'templates/newEmployee.vtl' in any resource loader.
2017-05-08 08:49:23,065 - ResourceManager : unable to find resource 'templates/newEmployee.vtl' in any resource loader.
2017-05-08 08:49:23,206 - ResourceManager : unable to find resource 'templates/newEmployee.vtl' in any resource loader.
2017-05-08 08:49:23,351 - ResourceManager : unable to find resource 'templates/newEmployee.vtl' in any resource loader.
2017-05-08 08:52:08,759 - Log4JLogChute initialized using file 'velocity.log'
2017-05-08 08:52:08,759 - Initializing Velocity, Calling init()...
2017-05-08 08:52:08,759 - Starting Apache Velocity v1.7 (compiled: 2010-11-19 12:14:37)
2017-05-08 08:52:08,759 - Default Properties File: org\apache\velocity\runtime\defaults\velocity.properties
2017-05-08 08:52:08,759 - Trying to use logger class org.apache.velocity.runtime.log.AvalonLogChute
2017-05-08 08:52:08,759 - Target log system for org.apache.velocity.runtime.log.AvalonLogChute is not available (java.lang.NoClassDefFoundError: org/apache/log/format/Formatter).  Falling back to next log system...
2017-05-08 08:52:08,760 - Trying to use logger class org.apache.velocity.runtime.log.Log4JLogChute
2017-05-08 08:52:08,760 - Using logger class org.apache.velocity.runtime.log.Log4JLogChute
2017-05-08 08:52:08,762 - ResourceLoader instantiated: org.apache.velocity.runtime.resource.loader.ClasspathResourceLoader
2017-05-08 08:52:08,768 - ResourceCache: initialized (class org.apache.velocity.runtime.resource.ResourceCacheImpl) with class java.util.Collections$SynchronizedMap cache map.
2017-05-08 08:52:08,770 - Loaded System Directive: org.apache.velocity.runtime.directive.Stop
2017-05-08 08:52:08,770 - Loaded System Directive: org.apache.velocity.runtime.directive.Define
2017-05-08 08:52:08,770 - Loaded System Directive: org.apache.velocity.runtime.directive.Break
2017-05-08 08:52:08,771 - Loaded System Directive: org.apache.velocity.runtime.directive.Evaluate
2017-05-08 08:52:08,771 - Loaded System Directive: org.apache.velocity.runtime.directive.Literal
2017-05-08 08:52:08,773 - Loaded System Directive: org.apache.velocity.runtime.directive.Macro
2017-05-08 08:52:08,774 - Loaded System Directive: org.apache.velocity.runtime.directive.Parse
2017-05-08 08:52:08,775 - Loaded System Directive: org.apache.velocity.runtime.directive.Include
2017-05-08 08:52:08,775 - Loaded System Directive: org.apache.velocity.runtime.directive.Foreach
2017-05-08 08:52:08,796 - Created '20' parsers.
2017-05-08 08:52:08,798 - Velocimacro : "velocimacro.library" is not set.  Trying default library: VM_global_library.vm
2017-05-08 08:52:08,799 - Could not load resource 'VM_global_library.vm' from ResourceLoader org.apache.velocity.runtime.resource.loader.ClasspathResourceLoader: ClasspathResourceLoader Error: cannot find resource VM_global_library.vm
2017-05-08 08:52:08,799 - Velocimacro : Default library not found.
2017-05-08 08:52:08,799 - Velocimacro : allowInline = true : VMs can be defined inline in templates
2017-05-08 08:52:08,799 - Velocimacro : allowInlineToOverride = false : VMs defined inline may NOT replace previous VM definitions
2017-05-08 08:52:08,799 - Velocimacro : allowInlineLocal = false : VMs defined inline will be global in scope if allowed.
2017-05-08 08:52:08,799 - Velocimacro : autoload off : VM system will not automatically reload global library macros
2017-05-08 08:52:08,799 - ResourceManager : unable to find resource 'templates/newEmployee.vtl' in any resource loader.
2017-05-08 08:59:37,809 - Log4JLogChute initialized using file 'velocity.log'
2017-05-08 08:59:37,809 - Initializing Velocity, Calling init()...
2017-05-08 08:59:37,809 - Starting Apache Velocity v1.7 (compiled: 2010-11-19 12:14:37)
2017-05-08 08:59:37,809 - Default Properties File: org\apache\velocity\runtime\defaults\velocity.properties
2017-05-08 08:59:37,809 - Trying to use logger class org.apache.velocity.runtime.log.AvalonLogChute
2017-05-08 08:59:37,809 - Target log system for org.apache.velocity.runtime.log.AvalonLogChute is not available (java.lang.NoClassDefFoundError: org/apache/log/format/Formatter).  Falling back to next log system...
2017-05-08 08:59:37,809 - Trying to use logger class org.apache.velocity.runtime.log.Log4JLogChute
2017-05-08 08:59:37,809 - Using logger class org.apache.velocity.runtime.log.Log4JLogChute
2017-05-08 08:59:37,812 - ResourceLoader instantiated: org.apache.velocity.runtime.resource.loader.ClasspathResourceLoader
2017-05-08 08:59:37,819 - ResourceCache: initialized (class org.apache.velocity.runtime.resource.ResourceCacheImpl) with class java.util.Collections$SynchronizedMap cache map.
2017-05-08 08:59:37,820 - Loaded System Directive: org.apache.velocity.runtime.directive.Stop
2017-05-08 08:59:37,820 - Loaded System Directive: org.apache.velocity.runtime.directive.Define
2017-05-08 08:59:37,821 - Loaded System Directive: org.apache.velocity.runtime.directive.Break
2017-05-08 08:59:37,821 - Loaded System Directive: org.apache.velocity.runtime.directive.Evaluate
2017-05-08 08:59:37,822 - Loaded System Directive: org.apache.velocity.runtime.directive.Literal
2017-05-08 08:59:37,822 - Loaded System Directive: org.apache.velocity.runtime.directive.Macro
2017-05-08 08:59:37,824 - Loaded System Directive: org.apache.velocity.runtime.directive.Parse
2017-05-08 08:59:37,825 - Loaded System Directive: org.apache.velocity.runtime.directive.Include
2017-05-08 08:59:37,826 - Loaded System Directive: org.apache.velocity.runtime.directive.Foreach
2017-05-08 08:59:37,842 - Created '20' parsers.
2017-05-08 08:59:37,844 - Velocimacro : "velocimacro.library" is not set.  Trying default library: VM_global_library.vm
2017-05-08 08:59:37,845 - Could not load resource 'VM_global_library.vm' from ResourceLoader org.apache.velocity.runtime.resource.loader.ClasspathResourceLoader: ClasspathResourceLoader Error: cannot find resource VM_global_library.vm
2017-05-08 08:59:37,845 - Velocimacro : Default library not found.
2017-05-08 08:59:37,845 - Velocimacro : allowInline = true : VMs can be defined inline in templates
2017-05-08 08:59:37,845 - Velocimacro : allowInlineToOverride = false : VMs defined inline may NOT replace previous VM definitions
2017-05-08 08:59:37,845 - Velocimacro : allowInlineLocal = false : VMs defined inline will be global in scope if allowed.
2017-05-08 08:59:37,845 - Velocimacro : autoload off : VM system will not automatically reload global library macros
2017-05-08 08:59:37,846 - ResourceManager : unable to find resource 'templates/newEmployee.vtl' in any resource loader.
2017-05-08 09:02:38,424 - Log4JLogChute initialized using file 'velocity.log'
2017-05-08 09:02:38,424 - Initializing Velocity, Calling init()...
2017-05-08 09:02:38,424 - Starting Apache Velocity v1.7 (compiled: 2010-11-19 12:14:37)
2017-05-08 09:02:38,424 - Default Properties File: org\apache\velocity\runtime\defaults\velocity.properties
2017-05-08 09:02:38,424 - Trying to use logger class org.apache.velocity.runtime.log.AvalonLogChute
2017-05-08 09:02:38,424 - Target log system for org.apache.velocity.runtime.log.AvalonLogChute is not available (java.lang.NoClassDefFoundError: org/apache/log/format/Formatter).  Falling back to next log system...
2017-05-08 09:02:38,424 - Trying to use logger class org.apache.velocity.runtime.log.Log4JLogChute
2017-05-08 09:02:38,424 - Using logger class org.apache.velocity.runtime.log.Log4JLogChute
2017-05-08 09:02:38,427 - ResourceLoader instantiated: org.apache.velocity.runtime.resource.loader.ClasspathResourceLoader
2017-05-08 09:02:38,433 - ResourceCache: initialized (class org.apache.velocity.runtime.resource.ResourceCacheImpl) with class java.util.Collections$SynchronizedMap cache map.
2017-05-08 09:02:38,433 - Loaded System Directive: org.apache.velocity.runtime.directive.Stop
2017-05-08 09:02:38,434 - Loaded System Directive: org.apache.velocity.runtime.directive.Define
2017-05-08 09:02:38,435 - Loaded System Directive: org.apache.velocity.runtime.directive.Break
2017-05-08 09:02:38,435 - Loaded System Directive: org.apache.velocity.runtime.directive.Evaluate
2017-05-08 09:02:38,435 - Loaded System Directive: org.apache.velocity.runtime.directive.Literal
2017-05-08 09:02:38,436 - Loaded System Directive: org.apache.velocity.runtime.directive.Macro
2017-05-08 09:02:38,436 - Loaded System Directive: org.apache.velocity.runtime.directive.Parse
2017-05-08 09:02:38,437 - Loaded System Directive: org.apache.velocity.runtime.directive.Include
2017-05-08 09:02:38,437 - Loaded System Directive: org.apache.velocity.runtime.directive.Foreach
2017-05-08 09:02:38,454 - Created '20' parsers.
2017-05-08 09:02:38,457 - Velocimacro : "velocimacro.library" is not set.  Trying default library: VM_global_library.vm
2017-05-08 09:02:38,457 - Could not load resource 'VM_global_library.vm' from ResourceLoader org.apache.velocity.runtime.resource.loader.ClasspathResourceLoader: ClasspathResourceLoader Error: cannot find resource VM_global_library.vm
2017-05-08 09:02:38,457 - Velocimacro : Default library not found.
2017-05-08 09:02:38,457 - Velocimacro : allowInline = true : VMs can be defined inline in templates
2017-05-08 09:02:38,457 - Velocimacro : allowInlineToOverride = false : VMs defined inline may NOT replace previous VM definitions
2017-05-08 09:02:38,457 - Velocimacro : allowInlineLocal = false : VMs defined inline will be global in scope if allowed.
2017-05-08 09:02:38,457 - Velocimacro : autoload off : VM system will not automatically reload global library macros
2017-05-08 09:02:38,458 - ResourceManager : unable to find resource 'templates/newEmployee.vtl' in any resource loader.
2017-05-08 09:02:39,036 - ResourceManager : unable to find resource 'templates/newEmployee.vtl' in any resource loader.
2017-05-08 09:02:39,187 - ResourceManager : unable to find resource 'templates/newEmployee.vtl' in any resource loader.
2017-05-08 09:02:39,343 - ResourceManager : unable to find resource 'templates/newEmployee.vtl' in any resource loader.
2017-05-08 09:02:39,504 - ResourceManager : unable to find resource 'templates/newEmployee.vtl' in any resource loader.
2017-05-08 09:02:39,655 - ResourceManager : unable to find resource 'templates/newEmployee.vtl' in any resource loader.
2017-05-08 09:02:45,743 - ResourceManager : unable to find resource 'templates/newEmployee.vtl' in any resource loader.
2017-05-08 09:02:45,886 - ResourceManager : unable to find resource 'templates/newEmployee.vtl' in any resource loader.
2017-05-08 09:02:46,048 - ResourceManager : unable to find resource 'templates/newEmployee.vtl' in any resource loader.
2017-05-08 09:10:33,311 - Log4JLogChute initialized using file 'velocity.log'
2017-05-08 09:10:33,311 - Initializing Velocity, Calling init()...
2017-05-08 09:10:33,311 - Starting Apache Velocity v1.7 (compiled: 2010-11-19 12:14:37)
2017-05-08 09:10:33,311 - Default Properties File: org\apache\velocity\runtime\defaults\velocity.properties
2017-05-08 09:10:33,311 - Trying to use logger class org.apache.velocity.runtime.log.AvalonLogChute
2017-05-08 09:10:33,311 - Target log system for org.apache.velocity.runtime.log.AvalonLogChute is not available (java.lang.NoClassDefFoundError: org/apache/log/format/Formatter).  Falling back to next log system...
2017-05-08 09:10:33,311 - Trying to use logger class org.apache.velocity.runtime.log.Log4JLogChute
2017-05-08 09:10:33,311 - Using logger class org.apache.velocity.runtime.log.Log4JLogChute
2017-05-08 09:10:33,313 - ResourceLoader instantiated: org.apache.velocity.runtime.resource.loader.ClasspathResourceLoader
2017-05-08 09:10:33,320 - ResourceCache: initialized (class org.apache.velocity.runtime.resource.ResourceCacheImpl) with class java.util.Collections$SynchronizedMap cache map.
2017-05-08 09:10:33,321 - Loaded System Directive: org.apache.velocity.runtime.directive.Stop
2017-05-08 09:10:33,321 - Loaded System Directive: org.apache.velocity.runtime.directive.Define
2017-05-08 09:10:33,321 - Loaded System Directive: org.apache.velocity.runtime.directive.Break
2017-05-08 09:10:33,322 - Loaded System Directive: org.apache.velocity.runtime.directive.Evaluate
2017-05-08 09:10:33,322 - Loaded System Directive: org.apache.velocity.runtime.directive.Literal
2017-05-08 09:10:33,323 - Loaded System Directive: org.apache.velocity.runtime.directive.Macro
2017-05-08 09:10:33,324 - Loaded System Directive: org.apache.velocity.runtime.directive.Parse
2017-05-08 09:10:33,325 - Loaded System Directive: org.apache.velocity.runtime.directive.Include
2017-05-08 09:10:33,326 - Loaded System Directive: org.apache.velocity.runtime.directive.Foreach
2017-05-08 09:10:33,342 - Created '20' parsers.
2017-05-08 09:10:33,344 - Velocimacro : "velocimacro.library" is not set.  Trying default library: VM_global_library.vm
2017-05-08 09:10:33,344 - Could not load resource 'VM_global_library.vm' from ResourceLoader org.apache.velocity.runtime.resource.loader.ClasspathResourceLoader: ClasspathResourceLoader Error: cannot find resource VM_global_library.vm
2017-05-08 09:10:33,344 - Velocimacro : Default library not found.
2017-05-08 09:10:33,344 - Velocimacro : allowInline = true : VMs can be defined inline in templates
2017-05-08 09:10:33,345 - Velocimacro : allowInlineToOverride = false : VMs defined inline may NOT replace previous VM definitions
2017-05-08 09:10:33,345 - Velocimacro : allowInlineLocal = false : VMs defined inline will be global in scope if allowed.
2017-05-08 09:10:33,345 - Velocimacro : autoload off : VM system will not automatically reload global library macros
2017-05-08 09:10:33,345 - ResourceManager : unable to find resource 'templates/newEmployee.vtl' in any resource loader.
2017-05-08 09:16:28,031 - Log4JLogChute initialized using file 'velocity.log'
2017-05-08 09:16:28,031 - Initializing Velocity, Calling init()...
2017-05-08 09:16:28,031 - Starting Apache Velocity v1.7 (compiled: 2010-11-19 12:14:37)
2017-05-08 09:16:28,031 - Default Properties File: org\apache\velocity\runtime\defaults\velocity.properties
2017-05-08 09:16:28,031 - Trying to use logger class org.apache.velocity.runtime.log.AvalonLogChute
2017-05-08 09:16:28,031 - Target log system for org.apache.velocity.runtime.log.AvalonLogChute is not available (java.lang.NoClassDefFoundError: org/apache/log/format/Formatter).  Falling back to next log system...
2017-05-08 09:16:28,031 - Trying to use logger class org.apache.velocity.runtime.log.Log4JLogChute
2017-05-08 09:16:28,031 - Using logger class org.apache.velocity.runtime.log.Log4JLogChute
2017-05-08 09:16:28,033 - ResourceLoader instantiated: org.apache.velocity.runtime.resource.loader.ClasspathResourceLoader
2017-05-08 09:16:28,041 - ResourceCache: initialized (class org.apache.velocity.runtime.resource.ResourceCacheImpl) with class java.util.Collections$SynchronizedMap cache map.
2017-05-08 09:16:28,042 - Loaded System Directive: org.apache.velocity.runtime.directive.Stop
2017-05-08 09:16:28,042 - Loaded System Directive: org.apache.velocity.runtime.directive.Define
2017-05-08 09:16:28,042 - Loaded System Directive: org.apache.velocity.runtime.directive.Break
2017-05-08 09:16:28,043 - Loaded System Directive: org.apache.velocity.runtime.directive.Evaluate
2017-05-08 09:16:28,043 - Loaded System Directive: org.apache.velocity.runtime.directive.Literal
2017-05-08 09:16:28,044 - Loaded System Directive: org.apache.velocity.runtime.directive.Macro
2017-05-08 09:16:28,044 - Loaded System Directive: org.apache.velocity.runtime.directive.Parse
2017-05-08 09:16:28,045 - Loaded System Directive: org.apache.velocity.runtime.directive.Include
2017-05-08 09:16:28,045 - Loaded System Directive: org.apache.velocity.runtime.directive.Foreach
2017-05-08 09:16:28,064 - Created '20' parsers.
2017-05-08 09:16:28,066 - Velocimacro : "velocimacro.library" is not set.  Trying default library: VM_global_library.vm
2017-05-08 09:16:28,067 - Could not load resource 'VM_global_library.vm' from ResourceLoader org.apache.velocity.runtime.resource.loader.ClasspathResourceLoader: ClasspathResourceLoader Error: cannot find resource VM_global_library.vm
2017-05-08 09:16:28,067 - Velocimacro : Default library not found.
2017-05-08 09:16:28,067 - Velocimacro : allowInline = true : VMs can be defined inline in templates
2017-05-08 09:16:28,067 - Velocimacro : allowInlineToOverride = false : VMs defined inline may NOT replace previous VM definitions
2017-05-08 09:16:28,067 - Velocimacro : allowInlineLocal = false : VMs defined inline will be global in scope if allowed.
2017-05-08 09:16:28,067 - Velocimacro : autoload off : VM system will not automatically reload global library macros
2017-05-08 09:16:28,068 - ResourceManager : unable to find resource 'newEmployee.vtl' in any resource loader.
2017-05-08 09:34:30,853 - Log4JLogChute initialized using file 'velocity.log'
2017-05-08 09:34:30,908 - Initializing Velocity, Calling init()...
2017-05-08 09:34:30,908 - Starting Apache Velocity v1.7 (compiled: 2010-11-19 12:14:37)
2017-05-08 09:34:30,908 - Default Properties File: org\apache\velocity\runtime\defaults\velocity.properties
2017-05-08 09:34:30,908 - Trying to use logger class org.apache.velocity.runtime.log.AvalonLogChute
2017-05-08 09:34:30,908 - Target log system for org.apache.velocity.runtime.log.AvalonLogChute is not available (java.lang.NoClassDefFoundError: org/apache/log/format/Formatter).  Falling back to next log system...
2017-05-08 09:34:30,908 - Trying to use logger class org.apache.velocity.runtime.log.Log4JLogChute
2017-05-08 09:34:30,908 - Using logger class org.apache.velocity.runtime.log.Log4JLogChute
2017-05-08 09:34:30,910 - ResourceLoader instantiated: org.apache.velocity.runtime.resource.loader.ClasspathResourceLoader
2017-05-08 09:34:30,917 - ResourceCache: initialized (class org.apache.velocity.runtime.resource.ResourceCacheImpl) with class java.util.Collections$SynchronizedMap cache map.
2017-05-08 09:34:30,917 - Loaded System Directive: org.apache.velocity.runtime.directive.Stop
2017-05-08 09:34:30,919 - Loaded System Directive: org.apache.velocity.runtime.directive.Define
2017-05-08 09:34:30,919 - Loaded System Directive: org.apache.velocity.runtime.directive.Break
2017-05-08 09:34:30,920 - Loaded System Directive: org.apache.velocity.runtime.directive.Evaluate
2017-05-08 09:34:30,920 - Loaded System Directive: org.apache.velocity.runtime.directive.Literal
2017-05-08 09:34:30,920 - Loaded System Directive: org.apache.velocity.runtime.directive.Macro
2017-05-08 09:34:30,921 - Loaded System Directive: org.apache.velocity.runtime.directive.Parse
2017-05-08 09:34:30,922 - Loaded System Directive: org.apache.velocity.runtime.directive.Include
2017-05-08 09:34:30,922 - Loaded System Directive: org.apache.velocity.runtime.directive.Foreach
2017-05-08 09:34:30,942 - Created '20' parsers.
2017-05-08 09:34:30,945 - Velocimacro : "velocimacro.library" is not set.  Trying default library: VM_global_library.vm
2017-05-08 09:34:30,945 - Could not load resource 'VM_global_library.vm' from ResourceLoader org.apache.velocity.runtime.resource.loader.ClasspathResourceLoader: ClasspathResourceLoader Error: cannot find resource VM_global_library.vm
2017-05-08 09:34:30,946 - Velocimacro : Default library not found.
2017-05-08 09:34:30,946 - Velocimacro : allowInline = true : VMs can be defined inline in templates
2017-05-08 09:34:30,946 - Velocimacro : allowInlineToOverride = false : VMs defined inline may NOT replace previous VM definitions
2017-05-08 09:34:30,946 - Velocimacro : allowInlineLocal = false : VMs defined inline will be global in scope if allowed.
2017-05-08 09:34:30,946 - Velocimacro : autoload off : VM system will not automatically reload global library macros
2017-05-08 09:34:30,946 - ResourceManager : unable to find resource 'newEmployee.vtl' in any resource loader.
2017-05-08 09:35:39,320 - Log4JLogChute initialized using file 'velocity.log'
2017-05-08 09:35:39,320 - Initializing Velocity, Calling init()...
2017-05-08 09:35:39,320 - Starting Apache Velocity v1.7 (compiled: 2010-11-19 12:14:37)
2017-05-08 09:35:39,320 - Default Properties File: org\apache\velocity\runtime\defaults\velocity.properties
2017-05-08 09:35:39,320 - Trying to use logger class org.apache.velocity.runtime.log.AvalonLogChute
2017-05-08 09:35:39,320 - Target log system for org.apache.velocity.runtime.log.AvalonLogChute is not available (java.lang.NoClassDefFoundError: org/apache/log/format/Formatter).  Falling back to next log system...
2017-05-08 09:35:39,320 - Trying to use logger class org.apache.velocity.runtime.log.Log4JLogChute
2017-05-08 09:35:39,320 - Using logger class org.apache.velocity.runtime.log.Log4JLogChute
2017-05-08 09:35:39,322 - ResourceLoader instantiated: org.apache.velocity.runtime.resource.loader.ClasspathResourceLoader
2017-05-08 09:35:39,329 - ResourceCache: initialized (class org.apache.velocity.runtime.resource.ResourceCacheImpl) with class java.util.Collections$SynchronizedMap cache map.
2017-05-08 09:35:39,330 - Loaded System Directive: org.apache.velocity.runtime.directive.Stop
2017-05-08 09:35:39,330 - Loaded System Directive: org.apache.velocity.runtime.directive.Define
2017-05-08 09:35:39,330 - Loaded System Directive: org.apache.velocity.runtime.directive.Break
2017-05-08 09:35:39,331 - Loaded System Directive: org.apache.velocity.runtime.directive.Evaluate
2017-05-08 09:35:39,331 - Loaded System Directive: org.apache.velocity.runtime.directive.Literal
2017-05-08 09:35:39,332 - Loaded System Directive: org.apache.velocity.runtime.directive.Macro
2017-05-08 09:35:39,332 - Loaded System Directive: org.apache.velocity.runtime.directive.Parse
2017-05-08 09:35:39,333 - Loaded System Directive: org.apache.velocity.runtime.directive.Include
2017-05-08 09:35:39,334 - Loaded System Directive: org.apache.velocity.runtime.directive.Foreach
2017-05-08 09:35:39,351 - Created '20' parsers.
2017-05-08 09:35:39,355 - Velocimacro : "velocimacro.library" is not set.  Trying default library: VM_global_library.vm
2017-05-08 09:35:39,355 - Could not load resource 'VM_global_library.vm' from ResourceLoader org.apache.velocity.runtime.resource.loader.ClasspathResourceLoader: ClasspathResourceLoader Error: cannot find resource VM_global_library.vm
2017-05-08 09:35:39,355 - Velocimacro : Default library not found.
2017-05-08 09:35:39,355 - Velocimacro : allowInline = true : VMs can be defined inline in templates
2017-05-08 09:35:39,355 - Velocimacro : allowInlineToOverride = false : VMs defined inline may NOT replace previous VM definitions
2017-05-08 09:35:39,355 - Velocimacro : allowInlineLocal = false : VMs defined inline will be global in scope if allowed.
2017-05-08 09:35:39,355 - Velocimacro : autoload off : VM system will not automatically reload global library macros
2017-05-08 09:35:39,356 - ResourceManager : unable to find resource 'newEmployee.vtl' in any resource loader.
2017-05-08 09:47:01,493 - Log4JLogChute initialized using file 'velocity.log'
2017-05-08 09:47:01,493 - Initializing Velocity, Calling init()...
2017-05-08 09:47:01,493 - Starting Apache Velocity v1.7 (compiled: 2010-11-19 12:14:37)
2017-05-08 09:47:01,493 - Default Properties File: org\apache\velocity\runtime\defaults\velocity.properties
2017-05-08 09:47:01,493 - Trying to use logger class org.apache.velocity.runtime.log.AvalonLogChute
2017-05-08 09:47:01,493 - Target log system for org.apache.velocity.runtime.log.AvalonLogChute is not available (java.lang.NoClassDefFoundError: org/apache/log/format/Formatter).  Falling back to next log system...
2017-05-08 09:47:01,493 - Trying to use logger class org.apache.velocity.runtime.log.Log4JLogChute
2017-05-08 09:47:01,493 - Using logger class org.apache.velocity.runtime.log.Log4JLogChute
2017-05-08 09:47:01,496 - ResourceLoader instantiated: org.apache.velocity.runtime.resource.loader.ClasspathResourceLoader
2017-05-08 09:47:01,502 - ResourceCache: initialized (class org.apache.velocity.runtime.resource.ResourceCacheImpl) with class java.util.Collections$SynchronizedMap cache map.
2017-05-08 09:47:01,503 - Loaded System Directive: org.apache.velocity.runtime.directive.Stop
2017-05-08 09:47:01,503 - Loaded System Directive: org.apache.velocity.runtime.directive.Define
2017-05-08 09:47:01,503 - Loaded System Directive: org.apache.velocity.runtime.directive.Break
2017-05-08 09:47:01,504 - Loaded System Directive: org.apache.velocity.runtime.directive.Evaluate
2017-05-08 09:47:01,504 - Loaded System Directive: org.apache.velocity.runtime.directive.Literal
2017-05-08 09:47:01,505 - Loaded System Directive: org.apache.velocity.runtime.directive.Macro
2017-05-08 09:47:01,505 - Loaded System Directive: org.apache.velocity.runtime.directive.Parse
2017-05-08 09:47:01,506 - Loaded System Directive: org.apache.velocity.runtime.directive.Include
2017-05-08 09:47:01,506 - Loaded System Directive: org.apache.velocity.runtime.directive.Foreach
2017-05-08 09:47:01,524 - Created '20' parsers.
2017-05-08 09:47:01,527 - Velocimacro : "velocimacro.library" is not set.  Trying default library: VM_global_library.vm
2017-05-08 09:47:01,527 - Could not load resource 'VM_global_library.vm' from ResourceLoader org.apache.velocity.runtime.resource.loader.ClasspathResourceLoader: ClasspathResourceLoader Error: cannot find resource VM_global_library.vm
2017-05-08 09:47:01,527 - Velocimacro : Default library not found.
2017-05-08 09:47:01,527 - Velocimacro : allowInline = true : VMs can be defined inline in templates
2017-05-08 09:47:01,527 - Velocimacro : allowInlineToOverride = false : VMs defined inline may NOT replace previous VM definitions
2017-05-08 09:47:01,527 - Velocimacro : allowInlineLocal = false : VMs defined inline will be global in scope if allowed.
2017-05-08 09:47:01,528 - Velocimacro : autoload off : VM system will not automatically reload global library macros
2017-05-08 09:47:01,531 - ResourceManager : found /newEmployee.vtl with loader org.apache.velocity.runtime.resource.loader.ClasspathResourceLoader
2017-05-08 09:47:36,454 - Log4JLogChute initialized using file 'velocity.log'
2017-05-08 09:47:36,455 - Initializing Velocity, Calling init()...
2017-05-08 09:47:36,455 - Starting Apache Velocity v1.7 (compiled: 2010-11-19 12:14:37)
2017-05-08 09:47:36,455 - Default Properties File: org\apache\velocity\runtime\defaults\velocity.properties
2017-05-08 09:47:36,455 - Trying to use logger class org.apache.velocity.runtime.log.AvalonLogChute
2017-05-08 09:47:36,455 - Target log system for org.apache.velocity.runtime.log.AvalonLogChute is not available (java.lang.NoClassDefFoundError: org/apache/log/format/Formatter).  Falling back to next log system...
2017-05-08 09:47:36,455 - Trying to use logger class org.apache.velocity.runtime.log.Log4JLogChute
2017-05-08 09:47:36,455 - Using logger class org.apache.velocity.runtime.log.Log4JLogChute
2017-05-08 09:47:36,457 - ResourceLoader instantiated: org.apache.velocity.runtime.resource.loader.ClasspathResourceLoader
2017-05-08 09:47:36,463 - ResourceCache: initialized (class org.apache.velocity.runtime.resource.ResourceCacheImpl) with class java.util.Collections$SynchronizedMap cache map.
2017-05-08 09:47:36,464 - Loaded System Directive: org.apache.velocity.runtime.directive.Stop
2017-05-08 09:47:36,464 - Loaded System Directive: org.apache.velocity.runtime.directive.Define
2017-05-08 09:47:36,464 - Loaded System Directive: org.apache.velocity.runtime.directive.Break
2017-05-08 09:47:36,465 - Loaded System Directive: org.apache.velocity.runtime.directive.Evaluate
2017-05-08 09:47:36,465 - Loaded System Directive: org.apache.velocity.runtime.directive.Literal
2017-05-08 09:47:36,466 - Loaded System Directive: org.apache.velocity.runtime.directive.Macro
2017-05-08 09:47:36,466 - Loaded System Directive: org.apache.velocity.runtime.directive.Parse
2017-05-08 09:47:36,467 - Loaded System Directive: org.apache.velocity.runtime.directive.Include
2017-05-08 09:47:36,467 - Loaded System Directive: org.apache.velocity.runtime.directive.Foreach
2017-05-08 09:47:36,492 - Created '20' parsers.
2017-05-08 09:47:36,496 - Velocimacro : "velocimacro.library" is not set.  Trying default library: VM_global_library.vm
2017-05-08 09:47:36,496 - Could not load resource 'VM_global_library.vm' from ResourceLoader org.apache.velocity.runtime.resource.loader.ClasspathResourceLoader: ClasspathResourceLoader Error: cannot find resource VM_global_library.vm
2017-05-08 09:47:36,496 - Velocimacro : Default library not found.
2017-05-08 09:47:36,496 - Velocimacro : allowInline = true : VMs can be defined inline in templates
2017-05-08 09:47:36,496 - Velocimacro : allowInlineToOverride = false : VMs defined inline may NOT replace previous VM definitions
2017-05-08 09:47:36,496 - Velocimacro : allowInlineLocal = false : VMs defined inline will be global in scope if allowed.
2017-05-08 09:47:36,496 - Velocimacro : autoload off : VM system will not automatically reload global library macros
2017-05-08 09:47:36,500 - ResourceManager : found /newEmployee.vtl with loader org.apache.velocity.runtime.resource.loader.ClasspathResourceLoader
2017-05-08 10:39:44,166 - Log4JLogChute initialized using file 'velocity.log'
2017-05-08 10:39:44,166 - Initializing Velocity, Calling init()...
2017-05-08 10:39:44,166 - Starting Apache Velocity v1.7 (compiled: 2010-11-19 12:14:37)
2017-05-08 10:39:44,166 - Default Properties File: org\apache\velocity\runtime\defaults\velocity.properties
2017-05-08 10:39:44,166 - Trying to use logger class org.apache.velocity.runtime.log.AvalonLogChute
2017-05-08 10:39:44,167 - Target log system for org.apache.velocity.runtime.log.AvalonLogChute is not available (java.lang.NoClassDefFoundError: org/apache/log/format/Formatter).  Falling back to next log system...
2017-05-08 10:39:44,167 - Trying to use logger class org.apache.velocity.runtime.log.Log4JLogChute
2017-05-08 10:39:44,167 - Using logger class org.apache.velocity.runtime.log.Log4JLogChute
2017-05-08 10:39:44,169 - ResourceLoader instantiated: org.apache.velocity.runtime.resource.loader.ClasspathResourceLoader
2017-05-08 10:39:44,175 - ResourceCache: initialized (class org.apache.velocity.runtime.resource.ResourceCacheImpl) with class java.util.Collections$SynchronizedMap cache map.
2017-05-08 10:39:44,176 - Loaded System Directive: org.apache.velocity.runtime.directive.Stop
2017-05-08 10:39:44,176 - Loaded System Directive: org.apache.velocity.runtime.directive.Define
2017-05-08 10:39:44,176 - Loaded System Directive: org.apache.velocity.runtime.directive.Break
2017-05-08 10:39:44,177 - Loaded System Directive: org.apache.velocity.runtime.directive.Evaluate
2017-05-08 10:39:44,177 - Loaded System Directive: org.apache.velocity.runtime.directive.Literal
2017-05-08 10:39:44,178 - Loaded System Directive: org.apache.velocity.runtime.directive.Macro
2017-05-08 10:39:44,178 - Loaded System Directive: org.apache.velocity.runtime.directive.Parse
2017-05-08 10:39:44,179 - Loaded System Directive: org.apache.velocity.runtime.directive.Include
2017-05-08 10:39:44,179 - Loaded System Directive: org.apache.velocity.runtime.directive.Foreach
2017-05-08 10:39:44,197 - Created '20' parsers.
2017-05-08 10:39:44,201 - Velocimacro : "velocimacro.library" is not set.  Trying default library: VM_global_library.vm
2017-05-08 10:39:44,201 - Could not load resource 'VM_global_library.vm' from ResourceLoader org.apache.velocity.runtime.resource.loader.ClasspathResourceLoader: ClasspathResourceLoader Error: cannot find resource VM_global_library.vm
2017-05-08 10:39:44,201 - Velocimacro : Default library not found.
2017-05-08 10:39:44,201 - Velocimacro : allowInline = true : VMs can be defined inline in templates
2017-05-08 10:39:44,201 - Velocimacro : allowInlineToOverride = false : VMs defined inline may NOT replace previous VM definitions
2017-05-08 10:39:44,201 - Velocimacro : allowInlineLocal = false : VMs defined inline will be global in scope if allowed.
2017-05-08 10:39:44,201 - Velocimacro : autoload off : VM system will not automatically reload global library macros
2017-05-08 10:39:44,204 - ResourceManager : found /newEmployee.vtl with loader org.apache.velocity.runtime.resource.loader.ClasspathResourceLoader
2017-05-08 10:57:14,663 - Log4JLogChute initialized using file 'velocity.log'
2017-05-08 10:57:14,663 - Initializing Velocity, Calling init()...
2017-05-08 10:57:14,663 - Starting Apache Velocity v1.7 (compiled: 2010-11-19 12:14:37)
2017-05-08 10:57:14,663 - Default Properties File: org\apache\velocity\runtime\defaults\velocity.properties
2017-05-08 10:57:14,663 - Trying to use logger class org.apache.velocity.runtime.log.AvalonLogChute
2017-05-08 10:57:14,663 - Target log system for org.apache.velocity.runtime.log.AvalonLogChute is not available (java.lang.NoClassDefFoundError: org/apache/log/format/Formatter).  Falling back to next log system...
2017-05-08 10:57:14,663 - Trying to use logger class org.apache.velocity.runtime.log.Log4JLogChute
2017-05-08 10:57:14,663 - Using logger class org.apache.velocity.runtime.log.Log4JLogChute
2017-05-08 10:57:14,666 - ResourceLoader instantiated: org.apache.velocity.runtime.resource.loader.ClasspathResourceLoader
2017-05-08 10:57:14,674 - ResourceCache: initialized (class org.apache.velocity.runtime.resource.ResourceCacheImpl) with class java.util.Collections$SynchronizedMap cache map.
2017-05-08 10:57:14,675 - Loaded System Directive: org.apache.velocity.runtime.directive.Stop
2017-05-08 10:57:14,675 - Loaded System Directive: org.apache.velocity.runtime.directive.Define
2017-05-08 10:57:14,676 - Loaded System Directive: org.apache.velocity.runtime.directive.Break
2017-05-08 10:57:14,676 - Loaded System Directive: org.apache.velocity.runtime.directive.Evaluate
2017-05-08 10:57:14,676 - Loaded System Directive: org.apache.velocity.runtime.directive.Literal
2017-05-08 10:57:14,677 - Loaded System Directive: org.apache.velocity.runtime.directive.Macro
2017-05-08 10:57:14,677 - Loaded System Directive: org.apache.velocity.runtime.directive.Parse
2017-05-08 10:57:14,678 - Loaded System Directive: org.apache.velocity.runtime.directive.Include
2017-05-08 10:57:14,679 - Loaded System Directive: org.apache.velocity.runtime.directive.Foreach
2017-05-08 10:57:14,701 - Created '20' parsers.
2017-05-08 10:57:14,704 - Velocimacro : "velocimacro.library" is not set.  Trying default library: VM_global_library.vm
2017-05-08 10:57:14,704 - Could not load resource 'VM_global_library.vm' from ResourceLoader org.apache.velocity.runtime.resource.loader.ClasspathResourceLoader: ClasspathResourceLoader Error: cannot find resource VM_global_library.vm
2017-05-08 10:57:14,704 - Velocimacro : Default library not found.
2017-05-08 10:57:14,704 - Velocimacro : allowInline = true : VMs can be defined inline in templates
2017-05-08 10:57:14,704 - Velocimacro : allowInlineToOverride = false : VMs defined inline may NOT replace previous VM definitions
2017-05-08 10:57:14,704 - Velocimacro : allowInlineLocal = false : VMs defined inline will be global in scope if allowed.
2017-05-08 10:57:14,704 - Velocimacro : autoload off : VM system will not automatically reload global library macros
2017-05-08 10:57:14,708 - ResourceManager : found /Index.vtl with loader org.apache.velocity.runtime.resource.loader.ClasspathResourceLoader
2017-05-08 11:01:56,775 - Log4JLogChute initialized using file 'velocity.log'
2017-05-08 11:01:56,776 - Initializing Velocity, Calling init()...
2017-05-08 11:01:56,776 - Starting Apache Velocity v1.7 (compiled: 2010-11-19 12:14:37)
2017-05-08 11:01:56,776 - Default Properties File: org\apache\velocity\runtime\defaults\velocity.properties
2017-05-08 11:01:56,776 - Trying to use logger class org.apache.velocity.runtime.log.AvalonLogChute
2017-05-08 11:01:56,776 - Target log system for org.apache.velocity.runtime.log.AvalonLogChute is not available (java.lang.NoClassDefFoundError: org/apache/log/format/Formatter).  Falling back to next log system...
2017-05-08 11:01:56,776 - Trying to use logger class org.apache.velocity.runtime.log.Log4JLogChute
2017-05-08 11:01:56,776 - Using logger class org.apache.velocity.runtime.log.Log4JLogChute
2017-05-08 11:01:56,778 - ResourceLoader instantiated: org.apache.velocity.runtime.resource.loader.ClasspathResourceLoader
2017-05-08 11:01:56,784 - ResourceCache: initialized (class org.apache.velocity.runtime.resource.ResourceCacheImpl) with class java.util.Collections$SynchronizedMap cache map.
2017-05-08 11:01:56,785 - Loaded System Directive: org.apache.velocity.runtime.directive.Stop
2017-05-08 11:01:56,785 - Loaded System Directive: org.apache.velocity.runtime.directive.Define
2017-05-08 11:01:56,786 - Loaded System Directive: org.apache.velocity.runtime.directive.Break
2017-05-08 11:01:56,786 - Loaded System Directive: org.apache.velocity.runtime.directive.Evaluate
2017-05-08 11:01:56,786 - Loaded System Directive: org.apache.velocity.runtime.directive.Literal
2017-05-08 11:01:56,787 - Loaded System Directive: org.apache.velocity.runtime.directive.Macro
2017-05-08 11:01:56,787 - Loaded System Directive: org.apache.velocity.runtime.directive.Parse
2017-05-08 11:01:56,788 - Loaded System Directive: org.apache.velocity.runtime.directive.Include
2017-05-08 11:01:56,789 - Loaded System Directive: org.apache.velocity.runtime.directive.Foreach
2017-05-08 11:01:56,805 - Created '20' parsers.
2017-05-08 11:01:56,808 - Velocimacro : "velocimacro.library" is not set.  Trying default library: VM_global_library.vm
2017-05-08 11:01:56,808 - Could not load resource 'VM_global_library.vm' from ResourceLoader org.apache.velocity.runtime.resource.loader.ClasspathResourceLoader: ClasspathResourceLoader Error: cannot find resource VM_global_library.vm
2017-05-08 11:01:56,808 - Velocimacro : Default library not found.
2017-05-08 11:01:56,808 - Velocimacro : allowInline = true : VMs can be defined inline in templates
2017-05-08 11:01:56,808 - Velocimacro : allowInlineToOverride = false : VMs defined inline may NOT replace previous VM definitions
2017-05-08 11:01:56,808 - Velocimacro : allowInlineLocal = false : VMs defined inline will be global in scope if allowed.
2017-05-08 11:01:56,808 - Velocimacro : autoload off : VM system will not automatically reload global library macros
2017-05-08 11:01:56,811 - ResourceManager : found /Index.vtl with loader org.apache.velocity.runtime.resource.loader.ClasspathResourceLoader
2017-05-08 11:02:45,620 - Log4JLogChute initialized using file 'velocity.log'
2017-05-08 11:02:45,620 - Initializing Velocity, Calling init()...
2017-05-08 11:02:45,620 - Starting Apache Velocity v1.7 (compiled: 2010-11-19 12:14:37)
2017-05-08 11:02:45,620 - Default Properties File: org\apache\velocity\runtime\defaults\velocity.properties
2017-05-08 11:02:45,620 - Trying to use logger class org.apache.velocity.runtime.log.AvalonLogChute
2017-05-08 11:02:45,620 - Target log system for org.apache.velocity.runtime.log.AvalonLogChute is not available (java.lang.NoClassDefFoundError: org/apache/log/format/Formatter).  Falling back to next log system...
2017-05-08 11:02:45,620 - Trying to use logger class org.apache.velocity.runtime.log.Log4JLogChute
2017-05-08 11:02:45,620 - Using logger class org.apache.velocity.runtime.log.Log4JLogChute
2017-05-08 11:02:45,622 - ResourceLoader instantiated: org.apache.velocity.runtime.resource.loader.ClasspathResourceLoader
2017-05-08 11:02:45,628 - ResourceCache: initialized (class org.apache.velocity.runtime.resource.ResourceCacheImpl) with class java.util.Collections$SynchronizedMap cache map.
2017-05-08 11:02:45,629 - Loaded System Directive: org.apache.velocity.runtime.directive.Stop
2017-05-08 11:02:45,629 - Loaded System Directive: org.apache.velocity.runtime.directive.Define
2017-05-08 11:02:45,630 - Loaded System Directive: org.apache.velocity.runtime.directive.Break
2017-05-08 11:02:45,630 - Loaded System Directive: org.apache.velocity.runtime.directive.Evaluate
2017-05-08 11:02:45,630 - Loaded System Directive: org.apache.velocity.runtime.directive.Literal
2017-05-08 11:02:45,631 - Loaded System Directive: org.apache.velocity.runtime.directive.Macro
2017-05-08 11:02:45,631 - Loaded System Directive: org.apache.velocity.runtime.directive.Parse
2017-05-08 11:02:45,632 - Loaded System Directive: org.apache.velocity.runtime.directive.Include
2017-05-08 11:02:45,632 - Loaded System Directive: org.apache.velocity.runtime.directive.Foreach
2017-05-08 11:02:45,648 - Created '20' parsers.
2017-05-08 11:02:45,651 - Velocimacro : "velocimacro.library" is not set.  Trying default library: VM_global_library.vm
2017-05-08 11:02:45,651 - Could not load resource 'VM_global_library.vm' from ResourceLoader org.apache.velocity.runtime.resource.loader.ClasspathResourceLoader: ClasspathResourceLoader Error: cannot find resource VM_global_library.vm
2017-05-08 11:02:45,651 - Velocimacro : Default library not found.
2017-05-08 11:02:45,651 - Velocimacro : allowInline = true : VMs can be defined inline in templates
2017-05-08 11:02:45,651 - Velocimacro : allowInlineToOverride = false : VMs defined inline may NOT replace previous VM definitions
2017-05-08 11:02:45,651 - Velocimacro : allowInlineLocal = false : VMs defined inline will be global in scope if allowed.
2017-05-08 11:02:45,651 - Velocimacro : autoload off : VM system will not automatically reload global library macros
2017-05-08 11:02:45,655 - ResourceManager : found /Index.vtl with loader org.apache.velocity.runtime.resource.loader.ClasspathResourceLoader
2017-05-08 11:02:46,536 - Log4JLogChute initialized using file 'velocity.log'
2017-05-08 11:02:46,536 - Log4JLogChute initialized using file 'velocity.log'
2017-05-08 11:02:46,536 - Initializing Velocity, Calling init()...
2017-05-08 11:02:46,536 - Initializing Velocity, Calling init()...
2017-05-08 11:02:46,536 - Starting Apache Velocity v1.7 (compiled: 2010-11-19 12:14:37)
2017-05-08 11:02:46,536 - Starting Apache Velocity v1.7 (compiled: 2010-11-19 12:14:37)
2017-05-08 11:02:46,536 - Default Properties File: org\apache\velocity\runtime\defaults\velocity.properties
2017-05-08 11:02:46,536 - Default Properties File: org\apache\velocity\runtime\defaults\velocity.properties
2017-05-08 11:02:46,536 - Trying to use logger class org.apache.velocity.runtime.log.AvalonLogChute
2017-05-08 11:02:46,536 - Trying to use logger class org.apache.velocity.runtime.log.AvalonLogChute
2017-05-08 11:02:46,536 - Target log system for org.apache.velocity.runtime.log.AvalonLogChute is not available (java.lang.NoClassDefFoundError: org/apache/log/format/Formatter).  Falling back to next log system...
2017-05-08 11:02:46,536 - Target log system for org.apache.velocity.runtime.log.AvalonLogChute is not available (java.lang.NoClassDefFoundError: org/apache/log/format/Formatter).  Falling back to next log system...
2017-05-08 11:02:46,536 - Trying to use logger class org.apache.velocity.runtime.log.Log4JLogChute
2017-05-08 11:02:46,536 - Trying to use logger class org.apache.velocity.runtime.log.Log4JLogChute
2017-05-08 11:02:46,536 - Using logger class org.apache.velocity.runtime.log.Log4JLogChute
2017-05-08 11:02:46,536 - Using logger class org.apache.velocity.runtime.log.Log4JLogChute
2017-05-08 11:02:46,536 - ResourceLoader instantiated: org.apache.velocity.runtime.resource.loader.ClasspathResourceLoader
2017-05-08 11:02:46,536 - ResourceLoader instantiated: org.apache.velocity.runtime.resource.loader.ClasspathResourceLoader
2017-05-08 11:02:46,536 - ResourceCache: initialized (class org.apache.velocity.runtime.resource.ResourceCacheImpl) with class java.util.Collections$SynchronizedMap cache map.
2017-05-08 11:02:46,536 - ResourceCache: initialized (class org.apache.velocity.runtime.resource.ResourceCacheImpl) with class java.util.Collections$SynchronizedMap cache map.
2017-05-08 11:02:46,536 - Loaded System Directive: org.apache.velocity.runtime.directive.Stop
2017-05-08 11:02:46,536 - Loaded System Directive: org.apache.velocity.runtime.directive.Stop
2017-05-08 11:02:46,537 - Loaded System Directive: org.apache.velocity.runtime.directive.Define
2017-05-08 11:02:46,537 - Loaded System Directive: org.apache.velocity.runtime.directive.Define
2017-05-08 11:02:46,537 - Loaded System Directive: org.apache.velocity.runtime.directive.Break
2017-05-08 11:02:46,537 - Loaded System Directive: org.apache.velocity.runtime.directive.Break
2017-05-08 11:02:46,537 - Loaded System Directive: org.apache.velocity.runtime.directive.Evaluate
2017-05-08 11:02:46,537 - Loaded System Directive: org.apache.velocity.runtime.directive.Evaluate
2017-05-08 11:02:46,537 - Loaded System Directive: org.apache.velocity.runtime.directive.Literal
2017-05-08 11:02:46,537 - Loaded System Directive: org.apache.velocity.runtime.directive.Literal
2017-05-08 11:02:46,537 - Loaded System Directive: org.apache.velocity.runtime.directive.Macro
2017-05-08 11:02:46,537 - Loaded System Directive: org.apache.velocity.runtime.directive.Macro
2017-05-08 11:02:46,537 - Loaded System Directive: org.apache.velocity.runtime.directive.Parse
2017-05-08 11:02:46,537 - Loaded System Directive: org.apache.velocity.runtime.directive.Parse
2017-05-08 11:02:46,537 - Loaded System Directive: org.apache.velocity.runtime.directive.Include
2017-05-08 11:02:46,537 - Loaded System Directive: org.apache.velocity.runtime.directive.Include
2017-05-08 11:02:46,537 - Loaded System Directive: org.apache.velocity.runtime.directive.Foreach
2017-05-08 11:02:46,537 - Loaded System Directive: org.apache.velocity.runtime.directive.Foreach
2017-05-08 11:02:46,543 - Created '20' parsers.
2017-05-08 11:02:46,543 - Created '20' parsers.
2017-05-08 11:02:46,543 - Velocimacro : "velocimacro.library" is not set.  Trying default library: VM_global_library.vm
2017-05-08 11:02:46,543 - Velocimacro : "velocimacro.library" is not set.  Trying default library: VM_global_library.vm
2017-05-08 11:02:46,543 - Could not load resource 'VM_global_library.vm' from ResourceLoader org.apache.velocity.runtime.resource.loader.ClasspathResourceLoader: ClasspathResourceLoader Error: cannot find resource VM_global_library.vm
2017-05-08 11:02:46,543 - Could not load resource 'VM_global_library.vm' from ResourceLoader org.apache.velocity.runtime.resource.loader.ClasspathResourceLoader: ClasspathResourceLoader Error: cannot find resource VM_global_library.vm
2017-05-08 11:02:46,543 - Velocimacro : Default library not found.
2017-05-08 11:02:46,543 - Velocimacro : Default library not found.
2017-05-08 11:02:46,543 - Velocimacro : allowInline = true : VMs can be defined inline in templates
2017-05-08 11:02:46,543 - Velocimacro : allowInline = true : VMs can be defined inline in templates
2017-05-08 11:02:46,543 - Velocimacro : allowInlineToOverride = false : VMs defined inline may NOT replace previous VM definitions
2017-05-08 11:02:46,543 - Velocimacro : allowInlineToOverride = false : VMs defined inline may NOT replace previous VM definitions
2017-05-08 11:02:46,544 - Velocimacro : allowInlineLocal = false : VMs defined inline will be global in scope if allowed.
2017-05-08 11:02:46,544 - Velocimacro : allowInlineLocal = false : VMs defined inline will be global in scope if allowed.
2017-05-08 11:02:46,544 - Velocimacro : autoload off : VM system will not automatically reload global library macros
2017-05-08 11:02:46,544 - Velocimacro : autoload off : VM system will not automatically reload global library macros
2017-05-08 11:02:46,544 - ResourceManager : found /newEmployee.vtl with loader org.apache.velocity.runtime.resource.loader.ClasspathResourceLoader
2017-05-08 11:02:46,544 - ResourceManager : found /newEmployee.vtl with loader org.apache.velocity.runtime.resource.loader.ClasspathResourceLoader
2017-05-08 11:03:03,912 - ResourceManager : found /Index.vtl with loader org.apache.velocity.runtime.resource.loader.ClasspathResourceLoader
2017-05-08 11:03:03,912 - ResourceManager : found /Index.vtl with loader org.apache.velocity.runtime.resource.loader.ClasspathResourceLoader
2017-05-08 11:04:10,713 - Log4JLogChute initialized using file 'velocity.log'
2017-05-08 11:04:10,713 - Initializing Velocity, Calling init()...
2017-05-08 11:04:10,713 - Starting Apache Velocity v1.7 (compiled: 2010-11-19 12:14:37)
2017-05-08 11:04:10,713 - Default Properties File: org\apache\velocity\runtime\defaults\velocity.properties
2017-05-08 11:04:10,713 - Trying to use logger class org.apache.velocity.runtime.log.AvalonLogChute
2017-05-08 11:04:10,713 - Target log system for org.apache.velocity.runtime.log.AvalonLogChute is not available (java.lang.NoClassDefFoundError: org/apache/log/format/Formatter).  Falling back to next log system...
2017-05-08 11:04:10,713 - Trying to use logger class org.apache.velocity.runtime.log.Log4JLogChute
2017-05-08 11:04:10,713 - Using logger class org.apache.velocity.runtime.log.Log4JLogChute
2017-05-08 11:04:10,715 - ResourceLoader instantiated: org.apache.velocity.runtime.resource.loader.ClasspathResourceLoader
2017-05-08 11:04:10,723 - ResourceCache: initialized (class org.apache.velocity.runtime.resource.ResourceCacheImpl) with class java.util.Collections$SynchronizedMap cache map.
2017-05-08 11:04:10,724 - Loaded System Directive: org.apache.velocity.runtime.directive.Stop
2017-05-08 11:04:10,725 - Loaded System Directive: org.apache.velocity.runtime.directive.Define
2017-05-08 11:04:10,725 - Loaded System Directive: org.apache.velocity.runtime.directive.Break
2017-05-08 11:04:10,726 - Loaded System Directive: org.apache.velocity.runtime.directive.Evaluate
2017-05-08 11:04:10,726 - Loaded System Directive: org.apache.velocity.runtime.directive.Literal
2017-05-08 11:04:10,727 - Loaded System Directive: org.apache.velocity.runtime.directive.Macro
2017-05-08 11:04:10,728 - Loaded System Directive: org.apache.velocity.runtime.directive.Parse
2017-05-08 11:04:10,728 - Loaded System Directive: org.apache.velocity.runtime.directive.Include
2017-05-08 11:04:10,729 - Loaded System Directive: org.apache.velocity.runtime.directive.Foreach
2017-05-08 11:04:10,747 - Created '20' parsers.
2017-05-08 11:04:10,749 - Velocimacro : "velocimacro.library" is not set.  Trying default library: VM_global_library.vm
2017-05-08 11:04:10,750 - Could not load resource 'VM_global_library.vm' from ResourceLoader org.apache.velocity.runtime.resource.loader.ClasspathResourceLoader: ClasspathResourceLoader Error: cannot find resource VM_global_library.vm
2017-05-08 11:04:10,750 - Velocimacro : Default library not found.
2017-05-08 11:04:10,750 - Velocimacro : allowInline = true : VMs can be defined inline in templates
2017-05-08 11:04:10,750 - Velocimacro : allowInlineToOverride = false : VMs defined inline may NOT replace previous VM definitions
2017-05-08 11:04:10,750 - Velocimacro : allowInlineLocal = false : VMs defined inline will be global in scope if allowed.
2017-05-08 11:04:10,750 - Velocimacro : autoload off : VM system will not automatically reload global library macros
2017-05-08 11:04:10,753 - ResourceManager : found /Index.vtl with loader org.apache.velocity.runtime.resource.loader.ClasspathResourceLoader
2017-05-08 11:04:14,077 - Log4JLogChute initialized using file 'velocity.log'
2017-05-08 11:04:14,077 - Log4JLogChute initialized using file 'velocity.log'
2017-05-08 11:04:14,077 - Initializing Velocity, Calling init()...
2017-05-08 11:04:14,077 - Initializing Velocity, Calling init()...
2017-05-08 11:04:14,077 - Starting Apache Velocity v1.7 (compiled: 2010-11-19 12:14:37)
2017-05-08 11:04:14,077 - Starting Apache Velocity v1.7 (compiled: 2010-11-19 12:14:37)
2017-05-08 11:04:14,077 - Default Properties File: org\apache\velocity\runtime\defaults\velocity.properties
2017-05-08 11:04:14,077 - Default Properties File: org\apache\velocity\runtime\defaults\velocity.properties
2017-05-08 11:04:14,077 - Trying to use logger class org.apache.velocity.runtime.log.AvalonLogChute
2017-05-08 11:04:14,077 - Trying to use logger class org.apache.velocity.runtime.log.AvalonLogChute
2017-05-08 11:04:14,077 - Target log system for org.apache.velocity.runtime.log.AvalonLogChute is not available (java.lang.NoClassDefFoundError: org/apache/log/format/Formatter).  Falling back to next log system...
2017-05-08 11:04:14,077 - Target log system for org.apache.velocity.runtime.log.AvalonLogChute is not available (java.lang.NoClassDefFoundError: org/apache/log/format/Formatter).  Falling back to next log system...
2017-05-08 11:04:14,077 - Trying to use logger class org.apache.velocity.runtime.log.Log4JLogChute
2017-05-08 11:04:14,077 - Trying to use logger class org.apache.velocity.runtime.log.Log4JLogChute
2017-05-08 11:04:14,077 - Using logger class org.apache.velocity.runtime.log.Log4JLogChute
2017-05-08 11:04:14,077 - Using logger class org.apache.velocity.runtime.log.Log4JLogChute
2017-05-08 11:04:14,077 - ResourceLoader instantiated: org.apache.velocity.runtime.resource.loader.ClasspathResourceLoader
2017-05-08 11:04:14,077 - ResourceLoader instantiated: org.apache.velocity.runtime.resource.loader.ClasspathResourceLoader
2017-05-08 11:04:14,078 - ResourceCache: initialized (class org.apache.velocity.runtime.resource.ResourceCacheImpl) with class java.util.Collections$SynchronizedMap cache map.
2017-05-08 11:04:14,078 - ResourceCache: initialized (class org.apache.velocity.runtime.resource.ResourceCacheImpl) with class java.util.Collections$SynchronizedMap cache map.
2017-05-08 11:04:14,078 - Loaded System Directive: org.apache.velocity.runtime.directive.Stop
2017-05-08 11:04:14,078 - Loaded System Directive: org.apache.velocity.runtime.directive.Stop
2017-05-08 11:04:14,078 - Loaded System Directive: org.apache.velocity.runtime.directive.Define
2017-05-08 11:04:14,078 - Loaded System Directive: org.apache.velocity.runtime.directive.Define
2017-05-08 11:04:14,078 - Loaded System Directive: org.apache.velocity.runtime.directive.Break
2017-05-08 11:04:14,078 - Loaded System Directive: org.apache.velocity.runtime.directive.Break
2017-05-08 11:04:14,078 - Loaded System Directive: org.apache.velocity.runtime.directive.Evaluate
2017-05-08 11:04:14,078 - Loaded System Directive: org.apache.velocity.runtime.directive.Evaluate
2017-05-08 11:04:14,078 - Loaded System Directive: org.apache.velocity.runtime.directive.Literal
2017-05-08 11:04:14,078 - Loaded System Directive: org.apache.velocity.runtime.directive.Literal
2017-05-08 11:04:14,078 - Loaded System Directive: org.apache.velocity.runtime.directive.Macro
2017-05-08 11:04:14,078 - Loaded System Directive: org.apache.velocity.runtime.directive.Macro
2017-05-08 11:04:14,078 - Loaded System Directive: org.apache.velocity.runtime.directive.Parse
2017-05-08 11:04:14,078 - Loaded System Directive: org.apache.velocity.runtime.directive.Parse
2017-05-08 11:04:14,078 - Loaded System Directive: org.apache.velocity.runtime.directive.Include
2017-05-08 11:04:14,078 - Loaded System Directive: org.apache.velocity.runtime.directive.Include
2017-05-08 11:04:14,078 - Loaded System Directive: org.apache.velocity.runtime.directive.Foreach
2017-05-08 11:04:14,078 - Loaded System Directive: org.apache.velocity.runtime.directive.Foreach
2017-05-08 11:04:14,079 - Created '20' parsers.
2017-05-08 11:04:14,079 - Created '20' parsers.
2017-05-08 11:04:14,079 - Velocimacro : "velocimacro.library" is not set.  Trying default library: VM_global_library.vm
2017-05-08 11:04:14,079 - Velocimacro : "velocimacro.library" is not set.  Trying default library: VM_global_library.vm
2017-05-08 11:04:14,079 - Could not load resource 'VM_global_library.vm' from ResourceLoader org.apache.velocity.runtime.resource.loader.ClasspathResourceLoader: ClasspathResourceLoader Error: cannot find resource VM_global_library.vm
2017-05-08 11:04:14,079 - Could not load resource 'VM_global_library.vm' from ResourceLoader org.apache.velocity.runtime.resource.loader.ClasspathResourceLoader: ClasspathResourceLoader Error: cannot find resource VM_global_library.vm
2017-05-08 11:04:14,079 - Velocimacro : Default library not found.
2017-05-08 11:04:14,079 - Velocimacro : Default library not found.
2017-05-08 11:04:14,079 - Velocimacro : allowInline = true : VMs can be defined inline in templates
2017-05-08 11:04:14,079 - Velocimacro : allowInline = true : VMs can be defined inline in templates
2017-05-08 11:04:14,079 - Velocimacro : allowInlineToOverride = false : VMs defined inline may NOT replace previous VM definitions
2017-05-08 11:04:14,079 - Velocimacro : allowInlineToOverride = false : VMs defined inline may NOT replace previous VM definitions
2017-05-08 11:04:14,079 - Velocimacro : allowInlineLocal = false : VMs defined inline will be global in scope if allowed.
2017-05-08 11:04:14,079 - Velocimacro : allowInlineLocal = false : VMs defined inline will be global in scope if allowed.
2017-05-08 11:04:14,079 - Velocimacro : autoload off : VM system will not automatically reload global library macros
2017-05-08 11:04:14,079 - Velocimacro : autoload off : VM system will not automatically reload global library macros
2017-05-08 11:04:14,080 - ResourceManager : found /newEmployee.vtl with loader org.apache.velocity.runtime.resource.loader.ClasspathResourceLoader
2017-05-08 11:04:14,080 - ResourceManager : found /newEmployee.vtl with loader org.apache.velocity.runtime.resource.loader.ClasspathResourceLoader
2017-05-08 11:04:30,726 - ResourceManager : found /Index.vtl with loader org.apache.velocity.runtime.resource.loader.ClasspathResourceLoader
2017-05-08 11:04:30,726 - ResourceManager : found /Index.vtl with loader org.apache.velocity.runtime.resource.loader.ClasspathResourceLoader
2017-05-08 11:17:05,773 - ResourceManager : found /newEmployee.vtl with loader org.apache.velocity.runtime.resource.loader.ClasspathResourceLoader
2017-05-08 11:17:05,773 - ResourceManager : found /newEmployee.vtl with loader org.apache.velocity.runtime.resource.loader.ClasspathResourceLoader
2017-05-08 11:19:47,596 - ResourceManager : found /newEmployee.vtl with loader org.apache.velocity.runtime.resource.loader.ClasspathResourceLoader
2017-05-08 11:19:47,596 - ResourceManager : found /newEmployee.vtl with loader org.apache.velocity.runtime.resource.loader.ClasspathResourceLoader
2017-05-08 12:38:33,240 - Log4JLogChute initialized using file 'velocity.log'
2017-05-08 12:38:33,240 - Initializing Velocity, Calling init()...
2017-05-08 12:38:33,240 - Starting Apache Velocity v1.7 (compiled: 2010-11-19 12:14:37)
2017-05-08 12:38:33,240 - Default Properties File: org\apache\velocity\runtime\defaults\velocity.properties
2017-05-08 12:38:33,240 - Trying to use logger class org.apache.velocity.runtime.log.AvalonLogChute
2017-05-08 12:38:33,240 - Target log system for org.apache.velocity.runtime.log.AvalonLogChute is not available (java.lang.NoClassDefFoundError: org/apache/log/format/Formatter).  Falling back to next log system...
2017-05-08 12:38:33,240 - Trying to use logger class org.apache.velocity.runtime.log.Log4JLogChute
2017-05-08 12:38:33,240 - Using logger class org.apache.velocity.runtime.log.Log4JLogChute
2017-05-08 12:38:33,243 - ResourceLoader instantiated: org.apache.velocity.runtime.resource.loader.ClasspathResourceLoader
2017-05-08 12:38:33,249 - ResourceCache: initialized (class org.apache.velocity.runtime.resource.ResourceCacheImpl) with class java.util.Collections$SynchronizedMap cache map.
2017-05-08 12:38:33,250 - Loaded System Directive: org.apache.velocity.runtime.directive.Stop
2017-05-08 12:38:33,250 - Loaded System Directive: org.apache.velocity.runtime.directive.Define
2017-05-08 12:38:33,251 - Loaded System Directive: org.apache.velocity.runtime.directive.Break
2017-05-08 12:38:33,251 - Loaded System Directive: org.apache.velocity.runtime.directive.Evaluate
2017-05-08 12:38:33,251 - Loaded System Directive: org.apache.velocity.runtime.directive.Literal
2017-05-08 12:38:33,252 - Loaded System Directive: org.apache.velocity.runtime.directive.Macro
2017-05-08 12:38:33,253 - Loaded System Directive: org.apache.velocity.runtime.directive.Parse
2017-05-08 12:38:33,253 - Loaded System Directive: org.apache.velocity.runtime.directive.Include
2017-05-08 12:38:33,254 - Loaded System Directive: org.apache.velocity.runtime.directive.Foreach
2017-05-08 12:38:33,270 - Created '20' parsers.
2017-05-08 12:38:33,272 - Velocimacro : "velocimacro.library" is not set.  Trying default library: VM_global_library.vm
2017-05-08 12:38:33,273 - Could not load resource 'VM_global_library.vm' from ResourceLoader org.apache.velocity.runtime.resource.loader.ClasspathResourceLoader: ClasspathResourceLoader Error: cannot find resource VM_global_library.vm
2017-05-08 12:38:33,273 - Velocimacro : Default library not found.
2017-05-08 12:38:33,273 - Velocimacro : allowInline = true : VMs can be defined inline in templates
2017-05-08 12:38:33,273 - Velocimacro : allowInlineToOverride = false : VMs defined inline may NOT replace previous VM definitions
2017-05-08 12:38:33,273 - Velocimacro : allowInlineLocal = false : VMs defined inline will be global in scope if allowed.
2017-05-08 12:38:33,273 - Velocimacro : autoload off : VM system will not automatically reload global library macros
2017-05-08 12:38:33,277 - ResourceManager : found /Index.vtl with loader org.apache.velocity.runtime.resource.loader.ClasspathResourceLoader
2017-05-08 12:38:35,338 - Log4JLogChute initialized using file 'velocity.log'
2017-05-08 12:38:35,338 - Log4JLogChute initialized using file 'velocity.log'
2017-05-08 12:38:35,338 - Initializing Velocity, Calling init()...
2017-05-08 12:38:35,338 - Initializing Velocity, Calling init()...
2017-05-08 12:38:35,338 - Starting Apache Velocity v1.7 (compiled: 2010-11-19 12:14:37)
2017-05-08 12:38:35,338 - Starting Apache Velocity v1.7 (compiled: 2010-11-19 12:14:37)
2017-05-08 12:38:35,338 - Default Properties File: org\apache\velocity\runtime\defaults\velocity.properties
2017-05-08 12:38:35,338 - Default Properties File: org\apache\velocity\runtime\defaults\velocity.properties
2017-05-08 12:38:35,338 - Trying to use logger class org.apache.velocity.runtime.log.AvalonLogChute
2017-05-08 12:38:35,338 - Trying to use logger class org.apache.velocity.runtime.log.AvalonLogChute
2017-05-08 12:38:35,338 - Target log system for org.apache.velocity.runtime.log.AvalonLogChute is not available (java.lang.NoClassDefFoundError: org/apache/log/format/Formatter).  Falling back to next log system...
2017-05-08 12:38:35,338 - Target log system for org.apache.velocity.runtime.log.AvalonLogChute is not available (java.lang.NoClassDefFoundError: org/apache/log/format/Formatter).  Falling back to next log system...
2017-05-08 12:38:35,338 - Trying to use logger class org.apache.velocity.runtime.log.Log4JLogChute
2017-05-08 12:38:35,338 - Trying to use logger class org.apache.velocity.runtime.log.Log4JLogChute
2017-05-08 12:38:35,338 - Using logger class org.apache.velocity.runtime.log.Log4JLogChute
2017-05-08 12:38:35,338 - Using logger class org.apache.velocity.runtime.log.Log4JLogChute
2017-05-08 12:38:35,338 - ResourceLoader instantiated: org.apache.velocity.runtime.resource.loader.ClasspathResourceLoader
2017-05-08 12:38:35,338 - ResourceLoader instantiated: org.apache.velocity.runtime.resource.loader.ClasspathResourceLoader
2017-05-08 12:38:35,338 - ResourceCache: initialized (class org.apache.velocity.runtime.resource.ResourceCacheImpl) with class java.util.Collections$SynchronizedMap cache map.
2017-05-08 12:38:35,338 - ResourceCache: initialized (class org.apache.velocity.runtime.resource.ResourceCacheImpl) with class java.util.Collections$SynchronizedMap cache map.
2017-05-08 12:38:35,338 - Loaded System Directive: org.apache.velocity.runtime.directive.Stop
2017-05-08 12:38:35,338 - Loaded System Directive: org.apache.velocity.runtime.directive.Stop
2017-05-08 12:38:35,338 - Loaded System Directive: org.apache.velocity.runtime.directive.Define
2017-05-08 12:38:35,338 - Loaded System Directive: org.apache.velocity.runtime.directive.Define
2017-05-08 12:38:35,338 - Loaded System Directive: org.apache.velocity.runtime.directive.Break
2017-05-08 12:38:35,338 - Loaded System Directive: org.apache.velocity.runtime.directive.Break
2017-05-08 12:38:35,338 - Loaded System Directive: org.apache.velocity.runtime.directive.Evaluate
2017-05-08 12:38:35,338 - Loaded System Directive: org.apache.velocity.runtime.directive.Evaluate
2017-05-08 12:38:35,338 - Loaded System Directive: org.apache.velocity.runtime.directive.Literal
2017-05-08 12:38:35,338 - Loaded System Directive: org.apache.velocity.runtime.directive.Literal
2017-05-08 12:38:35,338 - Loaded System Directive: org.apache.velocity.runtime.directive.Macro
2017-05-08 12:38:35,338 - Loaded System Directive: org.apache.velocity.runtime.directive.Macro
2017-05-08 12:38:35,338 - Loaded System Directive: org.apache.velocity.runtime.directive.Parse
2017-05-08 12:38:35,338 - Loaded System Directive: org.apache.velocity.runtime.directive.Parse
2017-05-08 12:38:35,338 - Loaded System Directive: org.apache.velocity.runtime.directive.Include
2017-05-08 12:38:35,338 - Loaded System Directive: org.apache.velocity.runtime.directive.Include
2017-05-08 12:38:35,338 - Loaded System Directive: org.apache.velocity.runtime.directive.Foreach
2017-05-08 12:38:35,338 - Loaded System Directive: org.apache.velocity.runtime.directive.Foreach
2017-05-08 12:38:35,344 - Created '20' parsers.
2017-05-08 12:38:35,344 - Created '20' parsers.
2017-05-08 12:38:35,344 - Velocimacro : "velocimacro.library" is not set.  Trying default library: VM_global_library.vm
2017-05-08 12:38:35,344 - Velocimacro : "velocimacro.library" is not set.  Trying default library: VM_global_library.vm
2017-05-08 12:38:35,344 - Could not load resource 'VM_global_library.vm' from ResourceLoader org.apache.velocity.runtime.resource.loader.ClasspathResourceLoader: ClasspathResourceLoader Error: cannot find resource VM_global_library.vm
2017-05-08 12:38:35,344 - Could not load resource 'VM_global_library.vm' from ResourceLoader org.apache.velocity.runtime.resource.loader.ClasspathResourceLoader: ClasspathResourceLoader Error: cannot find resource VM_global_library.vm
2017-05-08 12:38:35,345 - Velocimacro : Default library not found.
2017-05-08 12:38:35,345 - Velocimacro : Default library not found.
2017-05-08 12:38:35,345 - Velocimacro : allowInline = true : VMs can be defined inline in templates
2017-05-08 12:38:35,345 - Velocimacro : allowInline = true : VMs can be defined inline in templates
2017-05-08 12:38:35,345 - Velocimacro : allowInlineToOverride = false : VMs defined inline may NOT replace previous VM definitions
2017-05-08 12:38:35,345 - Velocimacro : allowInlineToOverride = false : VMs defined inline may NOT replace previous VM definitions
2017-05-08 12:38:35,345 - Velocimacro : allowInlineLocal = false : VMs defined inline will be global in scope if allowed.
2017-05-08 12:38:35,345 - Velocimacro : allowInlineLocal = false : VMs defined inline will be global in scope if allowed.
2017-05-08 12:38:35,345 - Velocimacro : autoload off : VM system will not automatically reload global library macros
2017-05-08 12:38:35,345 - Velocimacro : autoload off : VM system will not automatically reload global library macros
2017-05-08 12:38:35,345 - ResourceManager : found /newEmployee.vtl with loader org.apache.velocity.runtime.resource.loader.ClasspathResourceLoader
2017-05-08 12:38:35,345 - ResourceManager : found /newEmployee.vtl with loader org.apache.velocity.runtime.resource.loader.ClasspathResourceLoader
2017-05-08 12:38:50,664 - ResourceManager : found /Index.vtl with loader org.apache.velocity.runtime.resource.loader.ClasspathResourceLoader
2017-05-08 12:38:50,664 - ResourceManager : found /Index.vtl with loader org.apache.velocity.runtime.resource.loader.ClasspathResourceLoader
2017-05-08 12:39:34,999 - Log4JLogChute initialized using file 'velocity.log'
2017-05-08 12:39:34,999 - Initializing Velocity, Calling init()...
2017-05-08 12:39:35,000 - Starting Apache Velocity v1.7 (compiled: 2010-11-19 12:14:37)
2017-05-08 12:39:35,000 - Default Properties File: org\apache\velocity\runtime\defaults\velocity.properties
2017-05-08 12:39:35,000 - Trying to use logger class org.apache.velocity.runtime.log.AvalonLogChute
2017-05-08 12:39:35,000 - Target log system for org.apache.velocity.runtime.log.AvalonLogChute is not available (java.lang.NoClassDefFoundError: org/apache/log/format/Formatter).  Falling back to next log system...
2017-05-08 12:39:35,000 - Trying to use logger class org.apache.velocity.runtime.log.Log4JLogChute
2017-05-08 12:39:35,000 - Using logger class org.apache.velocity.runtime.log.Log4JLogChute
2017-05-08 12:39:35,002 - ResourceLoader instantiated: org.apache.velocity.runtime.resource.loader.ClasspathResourceLoader
2017-05-08 12:39:35,008 - ResourceCache: initialized (class org.apache.velocity.runtime.resource.ResourceCacheImpl) with class java.util.Collections$SynchronizedMap cache map.
2017-05-08 12:39:35,008 - Loaded System Directive: org.apache.velocity.runtime.directive.Stop
2017-05-08 12:39:35,009 - Loaded System Directive: org.apache.velocity.runtime.directive.Define
2017-05-08 12:39:35,009 - Loaded System Directive: org.apache.velocity.runtime.directive.Break
2017-05-08 12:39:35,010 - Loaded System Directive: org.apache.velocity.runtime.directive.Evaluate
2017-05-08 12:39:35,010 - Loaded System Directive: org.apache.velocity.runtime.directive.Literal
2017-05-08 12:39:35,010 - Loaded System Directive: org.apache.velocity.runtime.directive.Macro
2017-05-08 12:39:35,011 - Loaded System Directive: org.apache.velocity.runtime.directive.Parse
2017-05-08 12:39:35,012 - Loaded System Directive: org.apache.velocity.runtime.directive.Include
2017-05-08 12:39:35,012 - Loaded System Directive: org.apache.velocity.runtime.directive.Foreach
2017-05-08 12:39:35,028 - Created '20' parsers.
2017-05-08 12:39:35,031 - Velocimacro : "velocimacro.library" is not set.  Trying default library: VM_global_library.vm
2017-05-08 12:39:35,031 - Could not load resource 'VM_global_library.vm' from ResourceLoader org.apache.velocity.runtime.resource.loader.ClasspathResourceLoader: ClasspathResourceLoader Error: cannot find resource VM_global_library.vm
2017-05-08 12:39:35,031 - Velocimacro : Default library not found.
2017-05-08 12:39:35,031 - Velocimacro : allowInline = true : VMs can be defined inline in templates
2017-05-08 12:39:35,031 - Velocimacro : allowInlineToOverride = false : VMs defined inline may NOT replace previous VM definitions
2017-05-08 12:39:35,031 - Velocimacro : allowInlineLocal = false : VMs defined inline will be global in scope if allowed.
2017-05-08 12:39:35,032 - Velocimacro : autoload off : VM system will not automatically reload global library macros
2017-05-08 12:39:35,035 - ResourceManager : found /Index.vtl with loader org.apache.velocity.runtime.resource.loader.ClasspathResourceLoader
2017-05-08 12:39:37,345 - Log4JLogChute initialized using file 'velocity.log'
2017-05-08 12:39:37,345 - Log4JLogChute initialized using file 'velocity.log'
2017-05-08 12:39:37,345 - Initializing Velocity, Calling init()...
2017-05-08 12:39:37,345 - Initializing Velocity, Calling init()...
2017-05-08 12:39:37,345 - Starting Apache Velocity v1.7 (compiled: 2010-11-19 12:14:37)
2017-05-08 12:39:37,345 - Starting Apache Velocity v1.7 (compiled: 2010-11-19 12:14:37)
2017-05-08 12:39:37,345 - Default Properties File: org\apache\velocity\runtime\defaults\velocity.properties
2017-05-08 12:39:37,345 - Default Properties File: org\apache\velocity\runtime\defaults\velocity.properties
2017-05-08 12:39:37,345 - Trying to use logger class org.apache.velocity.runtime.log.AvalonLogChute
2017-05-08 12:39:37,345 - Trying to use logger class org.apache.velocity.runtime.log.AvalonLogChute
2017-05-08 12:39:37,345 - Target log system for org.apache.velocity.runtime.log.AvalonLogChute is not available (java.lang.NoClassDefFoundError: org/apache/log/format/Formatter).  Falling back to next log system...
2017-05-08 12:39:37,345 - Target log system for org.apache.velocity.runtime.log.AvalonLogChute is not available (java.lang.NoClassDefFoundError: org/apache/log/format/Formatter).  Falling back to next log system...
2017-05-08 12:39:37,345 - Trying to use logger class org.apache.velocity.runtime.log.Log4JLogChute
2017-05-08 12:39:37,345 - Trying to use logger class org.apache.velocity.runtime.log.Log4JLogChute
2017-05-08 12:39:37,345 - Using logger class org.apache.velocity.runtime.log.Log4JLogChute
2017-05-08 12:39:37,345 - Using logger class org.apache.velocity.runtime.log.Log4JLogChute
2017-05-08 12:39:37,345 - ResourceLoader instantiated: org.apache.velocity.runtime.resource.loader.ClasspathResourceLoader
2017-05-08 12:39:37,345 - ResourceLoader instantiated: org.apache.velocity.runtime.resource.loader.ClasspathResourceLoader
2017-05-08 12:39:37,345 - ResourceCache: initialized (class org.apache.velocity.runtime.resource.ResourceCacheImpl) with class java.util.Collections$SynchronizedMap cache map.
2017-05-08 12:39:37,345 - ResourceCache: initialized (class org.apache.velocity.runtime.resource.ResourceCacheImpl) with class java.util.Collections$SynchronizedMap cache map.
2017-05-08 12:39:37,346 - Loaded System Directive: org.apache.velocity.runtime.directive.Stop
2017-05-08 12:39:37,346 - Loaded System Directive: org.apache.velocity.runtime.directive.Stop
2017-05-08 12:39:37,346 - Loaded System Directive: org.apache.velocity.runtime.directive.Define
2017-05-08 12:39:37,346 - Loaded System Directive: org.apache.velocity.runtime.directive.Define
2017-05-08 12:39:37,346 - Loaded System Directive: org.apache.velocity.runtime.directive.Break
2017-05-08 12:39:37,346 - Loaded System Directive: org.apache.velocity.runtime.directive.Break
2017-05-08 12:39:37,346 - Loaded System Directive: org.apache.velocity.runtime.directive.Evaluate
2017-05-08 12:39:37,346 - Loaded System Directive: org.apache.velocity.runtime.directive.Evaluate
2017-05-08 12:39:37,346 - Loaded System Directive: org.apache.velocity.runtime.directive.Literal
2017-05-08 12:39:37,346 - Loaded System Directive: org.apache.velocity.runtime.directive.Literal
2017-05-08 12:39:37,346 - Loaded System Directive: org.apache.velocity.runtime.directive.Macro
2017-05-08 12:39:37,346 - Loaded System Directive: org.apache.velocity.runtime.directive.Macro
2017-05-08 12:39:37,346 - Loaded System Directive: org.apache.velocity.runtime.directive.Parse
2017-05-08 12:39:37,346 - Loaded System Directive: org.apache.velocity.runtime.directive.Parse
2017-05-08 12:39:37,346 - Loaded System Directive: org.apache.velocity.runtime.directive.Include
2017-05-08 12:39:37,346 - Loaded System Directive: org.apache.velocity.runtime.directive.Include
2017-05-08 12:39:37,346 - Loaded System Directive: org.apache.velocity.runtime.directive.Foreach
2017-05-08 12:39:37,346 - Loaded System Directive: org.apache.velocity.runtime.directive.Foreach
2017-05-08 12:39:37,352 - Created '20' parsers.
2017-05-08 12:39:37,352 - Created '20' parsers.
2017-05-08 12:39:37,352 - Velocimacro : "velocimacro.library" is not set.  Trying default library: VM_global_library.vm
2017-05-08 12:39:37,352 - Velocimacro : "velocimacro.library" is not set.  Trying default library: VM_global_library.vm
2017-05-08 12:39:37,353 - Could not load resource 'VM_global_library.vm' from ResourceLoader org.apache.velocity.runtime.resource.loader.ClasspathResourceLoader: ClasspathResourceLoader Error: cannot find resource VM_global_library.vm
2017-05-08 12:39:37,353 - Could not load resource 'VM_global_library.vm' from ResourceLoader org.apache.velocity.runtime.resource.loader.ClasspathResourceLoader: ClasspathResourceLoader Error: cannot find resource VM_global_library.vm
2017-05-08 12:39:37,353 - Velocimacro : Default library not found.
2017-05-08 12:39:37,353 - Velocimacro : Default library not found.
2017-05-08 12:39:37,353 - Velocimacro : allowInline = true : VMs can be defined inline in templates
2017-05-08 12:39:37,353 - Velocimacro : allowInline = true : VMs can be defined inline in templates
2017-05-08 12:39:37,353 - Velocimacro : allowInlineToOverride = false : VMs defined inline may NOT replace previous VM definitions
2017-05-08 12:39:37,353 - Velocimacro : allowInlineToOverride = false : VMs defined inline may NOT replace previous VM definitions
2017-05-08 12:39:37,353 - Velocimacro : allowInlineLocal = false : VMs defined inline will be global in scope if allowed.
2017-05-08 12:39:37,353 - Velocimacro : allowInlineLocal = false : VMs defined inline will be global in scope if allowed.
2017-05-08 12:39:37,353 - Velocimacro : autoload off : VM system will not automatically reload global library macros
2017-05-08 12:39:37,353 - Velocimacro : autoload off : VM system will not automatically reload global library macros
2017-05-08 12:39:37,353 - ResourceManager : found /newEmployee.vtl with loader org.apache.velocity.runtime.resource.loader.ClasspathResourceLoader
2017-05-08 12:39:37,353 - ResourceManager : found /newEmployee.vtl with loader org.apache.velocity.runtime.resource.loader.ClasspathResourceLoader
2017-05-08 12:39:47,481 - ResourceManager : found /Index.vtl with loader org.apache.velocity.runtime.resource.loader.ClasspathResourceLoader
2017-05-08 12:39:47,481 - ResourceManager : found /Index.vtl with loader org.apache.velocity.runtime.resource.loader.ClasspathResourceLoader
2017-05-08 12:39:48,310 - Log4JLogChute initialized using file 'velocity.log'
2017-05-08 12:39:48,310 - Log4JLogChute initialized using file 'velocity.log'
2017-05-08 12:39:48,310 - Log4JLogChute initialized using file 'velocity.log'
2017-05-08 12:39:48,310 - Initializing Velocity, Calling init()...
2017-05-08 12:39:48,310 - Initializing Velocity, Calling init()...
2017-05-08 12:39:48,310 - Initializing Velocity, Calling init()...
2017-05-08 12:39:48,310 - Starting Apache Velocity v1.7 (compiled: 2010-11-19 12:14:37)
2017-05-08 12:39:48,310 - Starting Apache Velocity v1.7 (compiled: 2010-11-19 12:14:37)
2017-05-08 12:39:48,310 - Starting Apache Velocity v1.7 (compiled: 2010-11-19 12:14:37)
2017-05-08 12:39:48,310 - Default Properties File: org\apache\velocity\runtime\defaults\velocity.properties
2017-05-08 12:39:48,310 - Default Properties File: org\apache\velocity\runtime\defaults\velocity.properties
2017-05-08 12:39:48,310 - Default Properties File: org\apache\velocity\runtime\defaults\velocity.properties
2017-05-08 12:39:48,310 - Trying to use logger class org.apache.velocity.runtime.log.AvalonLogChute
2017-05-08 12:39:48,310 - Trying to use logger class org.apache.velocity.runtime.log.AvalonLogChute
2017-05-08 12:39:48,310 - Trying to use logger class org.apache.velocity.runtime.log.AvalonLogChute
2017-05-08 12:39:48,310 - Target log system for org.apache.velocity.runtime.log.AvalonLogChute is not available (java.lang.NoClassDefFoundError: org/apache/log/format/Formatter).  Falling back to next log system...
2017-05-08 12:39:48,310 - Target log system for org.apache.velocity.runtime.log.AvalonLogChute is not available (java.lang.NoClassDefFoundError: org/apache/log/format/Formatter).  Falling back to next log system...
2017-05-08 12:39:48,310 - Target log system for org.apache.velocity.runtime.log.AvalonLogChute is not available (java.lang.NoClassDefFoundError: org/apache/log/format/Formatter).  Falling back to next log system...
2017-05-08 12:39:48,310 - Trying to use logger class org.apache.velocity.runtime.log.Log4JLogChute
2017-05-08 12:39:48,310 - Trying to use logger class org.apache.velocity.runtime.log.Log4JLogChute
2017-05-08 12:39:48,310 - Trying to use logger class org.apache.velocity.runtime.log.Log4JLogChute
2017-05-08 12:39:48,310 - Using logger class org.apache.velocity.runtime.log.Log4JLogChute
2017-05-08 12:39:48,310 - Using logger class org.apache.velocity.runtime.log.Log4JLogChute
2017-05-08 12:39:48,310 - Using logger class org.apache.velocity.runtime.log.Log4JLogChute
2017-05-08 12:39:48,310 - ResourceLoader instantiated: org.apache.velocity.runtime.resource.loader.ClasspathResourceLoader
2017-05-08 12:39:48,310 - ResourceLoader instantiated: org.apache.velocity.runtime.resource.loader.ClasspathResourceLoader
2017-05-08 12:39:48,310 - ResourceLoader instantiated: org.apache.velocity.runtime.resource.loader.ClasspathResourceLoader
2017-05-08 12:39:48,310 - ResourceCache: initialized (class org.apache.velocity.runtime.resource.ResourceCacheImpl) with class java.util.Collections$SynchronizedMap cache map.
2017-05-08 12:39:48,310 - ResourceCache: initialized (class org.apache.velocity.runtime.resource.ResourceCacheImpl) with class java.util.Collections$SynchronizedMap cache map.
2017-05-08 12:39:48,310 - ResourceCache: initialized (class org.apache.velocity.runtime.resource.ResourceCacheImpl) with class java.util.Collections$SynchronizedMap cache map.
2017-05-08 12:39:48,311 - Loaded System Directive: org.apache.velocity.runtime.directive.Stop
2017-05-08 12:39:48,311 - Loaded System Directive: org.apache.velocity.runtime.directive.Stop
2017-05-08 12:39:48,311 - Loaded System Directive: org.apache.velocity.runtime.directive.Stop
2017-05-08 12:39:48,311 - Loaded System Directive: org.apache.velocity.runtime.directive.Define
2017-05-08 12:39:48,311 - Loaded System Directive: org.apache.velocity.runtime.directive.Define
2017-05-08 12:39:48,311 - Loaded System Directive: org.apache.velocity.runtime.directive.Define
2017-05-08 12:39:48,311 - Loaded System Directive: org.apache.velocity.runtime.directive.Break
2017-05-08 12:39:48,311 - Loaded System Directive: org.apache.velocity.runtime.directive.Break
2017-05-08 12:39:48,311 - Loaded System Directive: org.apache.velocity.runtime.directive.Break
2017-05-08 12:39:48,311 - Loaded System Directive: org.apache.velocity.runtime.directive.Evaluate
2017-05-08 12:39:48,311 - Loaded System Directive: org.apache.velocity.runtime.directive.Evaluate
2017-05-08 12:39:48,311 - Loaded System Directive: org.apache.velocity.runtime.directive.Evaluate
2017-05-08 12:39:48,311 - Loaded System Directive: org.apache.velocity.runtime.directive.Literal
2017-05-08 12:39:48,311 - Loaded System Directive: org.apache.velocity.runtime.directive.Literal
2017-05-08 12:39:48,311 - Loaded System Directive: org.apache.velocity.runtime.directive.Literal
2017-05-08 12:39:48,311 - Loaded System Directive: org.apache.velocity.runtime.directive.Macro
2017-05-08 12:39:48,311 - Loaded System Directive: org.apache.velocity.runtime.directive.Macro
2017-05-08 12:39:48,311 - Loaded System Directive: org.apache.velocity.runtime.directive.Macro
2017-05-08 12:39:48,311 - Loaded System Directive: org.apache.velocity.runtime.directive.Parse
2017-05-08 12:39:48,311 - Loaded System Directive: org.apache.velocity.runtime.directive.Parse
2017-05-08 12:39:48,311 - Loaded System Directive: org.apache.velocity.runtime.directive.Parse
2017-05-08 12:39:48,311 - Loaded System Directive: org.apache.velocity.runtime.directive.Include
2017-05-08 12:39:48,311 - Loaded System Directive: org.apache.velocity.runtime.directive.Include
2017-05-08 12:39:48,311 - Loaded System Directive: org.apache.velocity.runtime.directive.Include
2017-05-08 12:39:48,311 - Loaded System Directive: org.apache.velocity.runtime.directive.Foreach
2017-05-08 12:39:48,311 - Loaded System Directive: org.apache.velocity.runtime.directive.Foreach
2017-05-08 12:39:48,311 - Loaded System Directive: org.apache.velocity.runtime.directive.Foreach
2017-05-08 12:39:48,312 - Created '20' parsers.
2017-05-08 12:39:48,312 - Created '20' parsers.
2017-05-08 12:39:48,312 - Created '20' parsers.
2017-05-08 12:39:48,312 - Velocimacro : "velocimacro.library" is not set.  Trying default library: VM_global_library.vm
2017-05-08 12:39:48,312 - Velocimacro : "velocimacro.library" is not set.  Trying default library: VM_global_library.vm
2017-05-08 12:39:48,312 - Velocimacro : "velocimacro.library" is not set.  Trying default library: VM_global_library.vm
2017-05-08 12:39:48,312 - Could not load resource 'VM_global_library.vm' from ResourceLoader org.apache.velocity.runtime.resource.loader.ClasspathResourceLoader: ClasspathResourceLoader Error: cannot find resource VM_global_library.vm
2017-05-08 12:39:48,312 - Could not load resource 'VM_global_library.vm' from ResourceLoader org.apache.velocity.runtime.resource.loader.ClasspathResourceLoader: ClasspathResourceLoader Error: cannot find resource VM_global_library.vm
2017-05-08 12:39:48,312 - Could not load resource 'VM_global_library.vm' from ResourceLoader org.apache.velocity.runtime.resource.loader.ClasspathResourceLoader: ClasspathResourceLoader Error: cannot find resource VM_global_library.vm
2017-05-08 12:39:48,312 - Velocimacro : Default library not found.
2017-05-08 12:39:48,312 - Velocimacro : Default library not found.
2017-05-08 12:39:48,312 - Velocimacro : Default library not found.
2017-05-08 12:39:48,312 - Velocimacro : allowInline = true : VMs can be defined inline in templates
2017-05-08 12:39:48,312 - Velocimacro : allowInline = true : VMs can be defined inline in templates
2017-05-08 12:39:48,312 - Velocimacro : allowInline = true : VMs can be defined inline in templates
2017-05-08 12:39:48,312 - Velocimacro : allowInlineToOverride = false : VMs defined inline may NOT replace previous VM definitions
2017-05-08 12:39:48,312 - Velocimacro : allowInlineToOverride = false : VMs defined inline may NOT replace previous VM definitions
2017-05-08 12:39:48,312 - Velocimacro : allowInlineToOverride = false : VMs defined inline may NOT replace previous VM definitions
2017-05-08 12:39:48,312 - Velocimacro : allowInlineLocal = false : VMs defined inline will be global in scope if allowed.
2017-05-08 12:39:48,312 - Velocimacro : allowInlineLocal = false : VMs defined inline will be global in scope if allowed.
2017-05-08 12:39:48,312 - Velocimacro : allowInlineLocal = false : VMs defined inline will be global in scope if allowed.
2017-05-08 12:39:48,312 - Velocimacro : autoload off : VM system will not automatically reload global library macros
2017-05-08 12:39:48,312 - Velocimacro : autoload off : VM system will not automatically reload global library macros
2017-05-08 12:39:48,312 - Velocimacro : autoload off : VM system will not automatically reload global library macros
2017-05-08 12:39:48,328 - ResourceManager : found /employeesList.vtl with loader org.apache.velocity.runtime.resource.loader.ClasspathResourceLoader
2017-05-08 12:39:48,328 - ResourceManager : found /employeesList.vtl with loader org.apache.velocity.runtime.resource.loader.ClasspathResourceLoader
2017-05-08 12:39:48,328 - ResourceManager : found /employeesList.vtl with loader org.apache.velocity.runtime.resource.loader.ClasspathResourceLoader
